{"name":"hexo","hostname":"localhost","pid":5122,"level":20,"msg":"Hexo version: \u001b[35m3.1.1\u001b[39m","time":"2016-01-22T07:29:24.818Z","v":0}
{"name":"hexo","hostname":"localhost","pid":5122,"level":20,"msg":"Working directory: \u001b[35m~/Desktop/github2/Skykai521.github.io/\u001b[39m","time":"2016-01-22T07:29:24.824Z","v":0}
{"name":"hexo","hostname":"localhost","pid":5122,"level":20,"msg":"Config loaded: \u001b[35m~/Desktop/github2/Skykai521.github.io/_config.yml\u001b[39m","time":"2016-01-22T07:29:25.283Z","v":0}
{"name":"hexo","hostname":"localhost","pid":5122,"level":20,"msg":"Plugin loaded: \u001b[35mhexo-generator-category\u001b[39m","time":"2016-01-22T07:29:25.438Z","v":0}
{"name":"hexo","hostname":"localhost","pid":5122,"level":20,"msg":"Plugin loaded: \u001b[35mhexo-renderer-ejs\u001b[39m","time":"2016-01-22T07:29:25.506Z","v":0}
{"name":"hexo","hostname":"localhost","pid":5122,"level":20,"msg":"Plugin loaded: \u001b[35mhexo-deployer-git\u001b[39m","time":"2016-01-22T07:29:26.173Z","v":0}
{"name":"hexo","hostname":"localhost","pid":5122,"level":20,"msg":"Plugin loaded: \u001b[35mhexo-generator-archive\u001b[39m","time":"2016-01-22T07:29:26.238Z","v":0}
{"name":"hexo","hostname":"localhost","pid":5122,"level":20,"msg":"Plugin loaded: \u001b[35mhexo-generator-index\u001b[39m","time":"2016-01-22T07:29:26.253Z","v":0}
{"name":"hexo","hostname":"localhost","pid":5122,"level":20,"msg":"Plugin loaded: \u001b[35mhexo-generator-tag\u001b[39m","time":"2016-01-22T07:29:26.260Z","v":0}
{"name":"hexo","hostname":"localhost","pid":5122,"level":20,"msg":"Plugin loaded: \u001b[35mhexo-renderer-marked\u001b[39m","time":"2016-01-22T07:29:26.563Z","v":0}
{"name":"hexo","hostname":"localhost","pid":5122,"level":20,"msg":"Plugin loaded: \u001b[35mhexo-renderer-stylus\u001b[39m","time":"2016-01-22T07:29:27.323Z","v":0}
{"name":"hexo","hostname":"localhost","pid":5122,"level":20,"msg":"Script loaded: \u001b[35mthemes/next/scripts/filters/sticky.js\u001b[39m","time":"2016-01-22T07:29:27.324Z","v":0}
{"name":"hexo","hostname":"localhost","pid":5122,"level":20,"msg":"Script loaded: \u001b[35mthemes/next/scripts/merge-configs.js\u001b[39m","time":"2016-01-22T07:29:27.325Z","v":0}
{"name":"hexo","hostname":"localhost","pid":5122,"level":20,"msg":"Script loaded: \u001b[35mthemes/next/scripts/tags/center-quote.js\u001b[39m","time":"2016-01-22T07:29:27.326Z","v":0}
{"name":"hexo","hostname":"localhost","pid":5122,"level":20,"msg":"Plugin loaded: \u001b[35mhexo-server\u001b[39m","time":"2016-01-22T07:29:28.215Z","v":0}
{"name":"hexo","hostname":"localhost","pid":5122,"level":20,"msg":"Script loaded: \u001b[35mthemes/next/scripts/tags/full-image.js\u001b[39m","time":"2016-01-22T07:29:28.215Z","v":0}
{"name":"hexo","hostname":"localhost","pid":5122,"level":20,"msg":"Script loaded: \u001b[35mthemes/next/scripts/tags/group-pictures.js\u001b[39m","time":"2016-01-22T07:29:28.216Z","v":0}
{"name":"hexo","hostname":"localhost","pid":5122,"level":20,"msg":"Loading database.","time":"2016-01-22T07:29:28.225Z","v":0}
{"name":"hexo","hostname":"localhost","pid":5122,"level":20,"msg":"Added: \u001b[35msource/_posts/hello-world.md\u001b[39m","time":"2016-01-22T07:29:28.283Z","v":0}
{"name":"hexo","hostname":"localhost","pid":5122,"level":20,"msg":"Added: \u001b[35mthemes/next/layout/_scripts/schemes/mist.swig\u001b[39m","time":"2016-01-22T07:29:28.343Z","v":0}
{"name":"hexo","hostname":"localhost","pid":5122,"level":20,"msg":"Added: \u001b[35mthemes/next/layout/_scripts/schemes/muse.swig\u001b[39m","time":"2016-01-22T07:29:28.343Z","v":0}
{"name":"hexo","hostname":"localhost","pid":5122,"level":20,"msg":"Added: \u001b[35mthemes/next/source/css/_mixins/Mist.styl\u001b[39m","time":"2016-01-22T07:29:28.343Z","v":0}
{"name":"hexo","hostname":"localhost","pid":5122,"level":20,"msg":"Added: \u001b[35mthemes/next/source/css/_mixins/Muse.styl\u001b[39m","time":"2016-01-22T07:29:28.344Z","v":0}
{"name":"hexo","hostname":"localhost","pid":5122,"level":20,"msg":"Added: \u001b[35mthemes/next/source/css/_mixins/custom.styl\u001b[39m","time":"2016-01-22T07:29:28.344Z","v":0}
{"name":"hexo","hostname":"localhost","pid":5122,"level":20,"msg":"Added: \u001b[35mthemes/next/source/css/_variables/Muse.styl\u001b[39m","time":"2016-01-22T07:29:28.344Z","v":0}
{"name":"hexo","hostname":"localhost","pid":5122,"level":20,"msg":"Added: \u001b[35mthemes/next/source/css/_variables/custom.styl\u001b[39m","time":"2016-01-22T07:29:28.344Z","v":0}
{"name":"hexo","hostname":"localhost","pid":5122,"level":20,"msg":"Added: \u001b[35mthemes/next/README.en.md\u001b[39m","time":"2016-01-22T07:29:28.356Z","v":0}
{"name":"hexo","hostname":"localhost","pid":5122,"level":20,"msg":"Added: \u001b[35mthemes/next/README.md\u001b[39m","time":"2016-01-22T07:29:28.356Z","v":0}
{"name":"hexo","hostname":"localhost","pid":5122,"level":20,"msg":"Added: \u001b[35mthemes/next/bower.json\u001b[39m","time":"2016-01-22T07:29:28.357Z","v":0}
{"name":"hexo","hostname":"localhost","pid":5122,"level":20,"msg":"Added: \u001b[35mthemes/next/_config.yml\u001b[39m","time":"2016-01-22T07:29:28.357Z","v":0}
{"name":"hexo","hostname":"localhost","pid":5122,"level":20,"msg":"Added: \u001b[35mthemes/next/gulpfile.coffee\u001b[39m","time":"2016-01-22T07:29:28.357Z","v":0}
{"name":"hexo","hostname":"localhost","pid":5122,"level":20,"msg":"Added: \u001b[35mthemes/next/languages/de.yml\u001b[39m","time":"2016-01-22T07:29:28.357Z","v":0}
{"name":"hexo","hostname":"localhost","pid":5122,"level":20,"msg":"Added: \u001b[35mthemes/next/languages/default.yml\u001b[39m","time":"2016-01-22T07:29:28.358Z","v":0}
{"name":"hexo","hostname":"localhost","pid":5122,"level":20,"msg":"Added: \u001b[35mthemes/next/languages/en.yml\u001b[39m","time":"2016-01-22T07:29:28.359Z","v":0}
{"name":"hexo","hostname":"localhost","pid":5122,"level":20,"msg":"Added: \u001b[35mthemes/next/languages/fr-FR.yml\u001b[39m","time":"2016-01-22T07:29:28.359Z","v":0}
{"name":"hexo","hostname":"localhost","pid":5122,"level":20,"msg":"Added: \u001b[35mthemes/next/languages/pt.yml\u001b[39m","time":"2016-01-22T07:29:28.360Z","v":0}
{"name":"hexo","hostname":"localhost","pid":5122,"level":20,"msg":"Added: \u001b[35mthemes/next/languages/ru.yml\u001b[39m","time":"2016-01-22T07:29:28.360Z","v":0}
{"name":"hexo","hostname":"localhost","pid":5122,"level":20,"msg":"Added: \u001b[35mthemes/next/languages/zh-Hans.yml\u001b[39m","time":"2016-01-22T07:29:28.360Z","v":0}
{"name":"hexo","hostname":"localhost","pid":5122,"level":20,"msg":"Added: \u001b[35mthemes/next/languages/zh-hk.yml\u001b[39m","time":"2016-01-22T07:29:28.360Z","v":0}
{"name":"hexo","hostname":"localhost","pid":5122,"level":20,"msg":"Added: \u001b[35mthemes/next/languages/zh-tw.yml\u001b[39m","time":"2016-01-22T07:29:28.360Z","v":0}
{"name":"hexo","hostname":"localhost","pid":5122,"level":20,"msg":"Added: \u001b[35mthemes/next/layout/_layout.swig\u001b[39m","time":"2016-01-22T07:29:28.360Z","v":0}
{"name":"hexo","hostname":"localhost","pid":5122,"level":20,"msg":"Added: \u001b[35mthemes/next/layout/_macro/post-collapse.swig\u001b[39m","time":"2016-01-22T07:29:28.360Z","v":0}
{"name":"hexo","hostname":"localhost","pid":5122,"level":20,"msg":"Added: \u001b[35mthemes/next/layout/_macro/post.swig\u001b[39m","time":"2016-01-22T07:29:28.360Z","v":0}
{"name":"hexo","hostname":"localhost","pid":5122,"level":20,"msg":"Added: \u001b[35mthemes/next/layout/_macro/sidebar.swig\u001b[39m","time":"2016-01-22T07:29:28.361Z","v":0}
{"name":"hexo","hostname":"localhost","pid":5122,"level":20,"msg":"Added: \u001b[35mthemes/next/layout/_partials/comments.swig\u001b[39m","time":"2016-01-22T07:29:28.361Z","v":0}
{"name":"hexo","hostname":"localhost","pid":5122,"level":20,"msg":"Added: \u001b[35mthemes/next/layout/_partials/duoshuo-hot-articles.swig\u001b[39m","time":"2016-01-22T07:29:28.361Z","v":0}
{"name":"hexo","hostname":"localhost","pid":5122,"level":20,"msg":"Added: \u001b[35mthemes/next/layout/_partials/footer.swig\u001b[39m","time":"2016-01-22T07:29:28.361Z","v":0}
{"name":"hexo","hostname":"localhost","pid":5122,"level":20,"msg":"Added: \u001b[35mthemes/next/layout/_partials/head.swig\u001b[39m","time":"2016-01-22T07:29:28.361Z","v":0}
{"name":"hexo","hostname":"localhost","pid":5122,"level":20,"msg":"Added: \u001b[35mthemes/next/layout/_partials/header.swig\u001b[39m","time":"2016-01-22T07:29:28.361Z","v":0}
{"name":"hexo","hostname":"localhost","pid":5122,"level":20,"msg":"Added: \u001b[35mthemes/next/layout/_partials/pagination.swig\u001b[39m","time":"2016-01-22T07:29:28.361Z","v":0}
{"name":"hexo","hostname":"localhost","pid":5122,"level":20,"msg":"Added: \u001b[35mthemes/next/layout/_partials/search/swiftype.swig\u001b[39m","time":"2016-01-22T07:29:28.362Z","v":0}
{"name":"hexo","hostname":"localhost","pid":5122,"level":20,"msg":"Added: \u001b[35mthemes/next/layout/_partials/search/tinysou.swig\u001b[39m","time":"2016-01-22T07:29:28.362Z","v":0}
{"name":"hexo","hostname":"localhost","pid":5122,"level":20,"msg":"Added: \u001b[35mthemes/next/layout/_partials/share/duoshuo_share.swig\u001b[39m","time":"2016-01-22T07:29:28.362Z","v":0}
{"name":"hexo","hostname":"localhost","pid":5122,"level":20,"msg":"Added: \u001b[35mthemes/next/layout/_partials/search.swig\u001b[39m","time":"2016-01-22T07:29:28.362Z","v":0}
{"name":"hexo","hostname":"localhost","pid":5122,"level":20,"msg":"Added: \u001b[35mthemes/next/layout/_partials/share/jiathis.swig\u001b[39m","time":"2016-01-22T07:29:28.362Z","v":0}
{"name":"hexo","hostname":"localhost","pid":5122,"level":20,"msg":"Added: \u001b[35mthemes/next/layout/_scripts/boostrap.swig\u001b[39m","time":"2016-01-22T07:29:28.363Z","v":0}
{"name":"hexo","hostname":"localhost","pid":5122,"level":20,"msg":"Added: \u001b[35mthemes/next/layout/_scripts/commons.swig\u001b[39m","time":"2016-01-22T07:29:28.363Z","v":0}
{"name":"hexo","hostname":"localhost","pid":5122,"level":20,"msg":"Added: \u001b[35mthemes/next/layout/_scripts/pages/post-details.swig\u001b[39m","time":"2016-01-22T07:29:28.363Z","v":0}
{"name":"hexo","hostname":"localhost","pid":5122,"level":20,"msg":"Added: \u001b[35mthemes/next/layout/_scripts/schemes/pisces.swig\u001b[39m","time":"2016-01-22T07:29:28.363Z","v":0}
{"name":"hexo","hostname":"localhost","pid":5122,"level":20,"msg":"Added: \u001b[35mthemes/next/layout/_scripts/third-party/analytics/baidu-analytics.swig\u001b[39m","time":"2016-01-22T07:29:28.363Z","v":0}
{"name":"hexo","hostname":"localhost","pid":5122,"level":20,"msg":"Added: \u001b[35mthemes/next/layout/_scripts/third-party/analytics/facebook-sdk.swig\u001b[39m","time":"2016-01-22T07:29:28.363Z","v":0}
{"name":"hexo","hostname":"localhost","pid":5122,"level":20,"msg":"Added: \u001b[35mthemes/next/layout/_scripts/third-party/analytics/google-analytics.swig\u001b[39m","time":"2016-01-22T07:29:28.363Z","v":0}
{"name":"hexo","hostname":"localhost","pid":5122,"level":20,"msg":"Added: \u001b[35mthemes/next/layout/_scripts/third-party/analytics/tencent-analytics.swig\u001b[39m","time":"2016-01-22T07:29:28.363Z","v":0}
{"name":"hexo","hostname":"localhost","pid":5122,"level":20,"msg":"Added: \u001b[35mthemes/next/layout/_scripts/third-party/analytics.swig\u001b[39m","time":"2016-01-22T07:29:28.363Z","v":0}
{"name":"hexo","hostname":"localhost","pid":5122,"level":20,"msg":"Added: \u001b[35mthemes/next/layout/_scripts/third-party/baidushare.swig\u001b[39m","time":"2016-01-22T07:29:28.363Z","v":0}
{"name":"hexo","hostname":"localhost","pid":5122,"level":20,"msg":"Added: \u001b[35mthemes/next/layout/_scripts/third-party/comments/disqus.swig\u001b[39m","time":"2016-01-22T07:29:28.364Z","v":0}
{"name":"hexo","hostname":"localhost","pid":5122,"level":20,"msg":"Added: \u001b[35mthemes/next/layout/_scripts/third-party/comments/duoshuo.swig\u001b[39m","time":"2016-01-22T07:29:28.364Z","v":0}
{"name":"hexo","hostname":"localhost","pid":5122,"level":20,"msg":"Added: \u001b[35mthemes/next/layout/_scripts/third-party/comments.swig\u001b[39m","time":"2016-01-22T07:29:28.364Z","v":0}
{"name":"hexo","hostname":"localhost","pid":5122,"level":20,"msg":"Added: \u001b[35mthemes/next/layout/_scripts/third-party/lean-analytics.swig\u001b[39m","time":"2016-01-22T07:29:28.364Z","v":0}
{"name":"hexo","hostname":"localhost","pid":5122,"level":20,"msg":"Added: \u001b[35mthemes/next/layout/_scripts/third-party/mathjax.swig\u001b[39m","time":"2016-01-22T07:29:28.364Z","v":0}
{"name":"hexo","hostname":"localhost","pid":5122,"level":20,"msg":"Added: \u001b[35mthemes/next/layout/_scripts/third-party/tinysou.swig\u001b[39m","time":"2016-01-22T07:29:28.364Z","v":0}
{"name":"hexo","hostname":"localhost","pid":5122,"level":20,"msg":"Added: \u001b[35mthemes/next/layout/_scripts/vendors.swig\u001b[39m","time":"2016-01-22T07:29:28.364Z","v":0}
{"name":"hexo","hostname":"localhost","pid":5122,"level":20,"msg":"Added: \u001b[35mthemes/next/layout/archive.swig\u001b[39m","time":"2016-01-22T07:29:28.364Z","v":0}
{"name":"hexo","hostname":"localhost","pid":5122,"level":20,"msg":"Added: \u001b[35mthemes/next/layout/category.swig\u001b[39m","time":"2016-01-22T07:29:28.365Z","v":0}
{"name":"hexo","hostname":"localhost","pid":5122,"level":20,"msg":"Added: \u001b[35mthemes/next/layout/index.swig\u001b[39m","time":"2016-01-22T07:29:28.365Z","v":0}
{"name":"hexo","hostname":"localhost","pid":5122,"level":20,"msg":"Added: \u001b[35mthemes/next/layout/page.swig\u001b[39m","time":"2016-01-22T07:29:28.365Z","v":0}
{"name":"hexo","hostname":"localhost","pid":5122,"level":20,"msg":"Added: \u001b[35mthemes/next/layout/post.swig\u001b[39m","time":"2016-01-22T07:29:28.365Z","v":0}
{"name":"hexo","hostname":"localhost","pid":5122,"level":20,"msg":"Added: \u001b[35mthemes/next/layout/tag.swig\u001b[39m","time":"2016-01-22T07:29:28.365Z","v":0}
{"name":"hexo","hostname":"localhost","pid":5122,"level":20,"msg":"Added: \u001b[35mthemes/next/package.json\u001b[39m","time":"2016-01-22T07:29:28.365Z","v":0}
{"name":"hexo","hostname":"localhost","pid":5122,"level":20,"msg":"Added: \u001b[35mthemes/next/scripts/filters/sticky.js\u001b[39m","time":"2016-01-22T07:29:28.365Z","v":0}
{"name":"hexo","hostname":"localhost","pid":5122,"level":20,"msg":"Added: \u001b[35mthemes/next/scripts/merge-configs.js\u001b[39m","time":"2016-01-22T07:29:28.365Z","v":0}
{"name":"hexo","hostname":"localhost","pid":5122,"level":20,"msg":"Added: \u001b[35mthemes/next/scripts/tags/center-quote.js\u001b[39m","time":"2016-01-22T07:29:28.365Z","v":0}
{"name":"hexo","hostname":"localhost","pid":5122,"level":20,"msg":"Added: \u001b[35mthemes/next/scripts/tags/full-image.js\u001b[39m","time":"2016-01-22T07:29:28.365Z","v":0}
{"name":"hexo","hostname":"localhost","pid":5122,"level":20,"msg":"Added: \u001b[35mthemes/next/scripts/tags/group-pictures.js\u001b[39m","time":"2016-01-22T07:29:28.366Z","v":0}
{"name":"hexo","hostname":"localhost","pid":5122,"level":20,"msg":"Added: \u001b[35mthemes/next/source/css/_common/_component/posts-expand.styl\u001b[39m","time":"2016-01-22T07:29:28.366Z","v":0}
{"name":"hexo","hostname":"localhost","pid":5122,"level":20,"msg":"Added: \u001b[35mthemes/next/source/css/_common/_section/header.styl\u001b[39m","time":"2016-01-22T07:29:28.366Z","v":0}
{"name":"hexo","hostname":"localhost","pid":5122,"level":20,"msg":"Added: \u001b[35mthemes/next/source/css/_common/components/back-to-top.styl\u001b[39m","time":"2016-01-22T07:29:28.366Z","v":0}
{"name":"hexo","hostname":"localhost","pid":5122,"level":20,"msg":"Added: \u001b[35mthemes/next/source/css/_common/components/comments.styl\u001b[39m","time":"2016-01-22T07:29:28.366Z","v":0}
{"name":"hexo","hostname":"localhost","pid":5122,"level":20,"msg":"Added: \u001b[35mthemes/next/source/css/_common/components/components.styl\u001b[39m","time":"2016-01-22T07:29:28.366Z","v":0}
{"name":"hexo","hostname":"localhost","pid":5122,"level":20,"msg":"Added: \u001b[35mthemes/next/source/css/_common/components/buttons.styl\u001b[39m","time":"2016-01-22T07:29:28.366Z","v":0}
{"name":"hexo","hostname":"localhost","pid":5122,"level":20,"msg":"Added: \u001b[35mthemes/next/source/css/_common/components/footer/footer.styl\u001b[39m","time":"2016-01-22T07:29:28.366Z","v":0}
{"name":"hexo","hostname":"localhost","pid":5122,"level":20,"msg":"Added: \u001b[35mthemes/next/source/css/_common/components/header/header.styl\u001b[39m","time":"2016-01-22T07:29:28.366Z","v":0}
{"name":"hexo","hostname":"localhost","pid":5122,"level":20,"msg":"Added: \u001b[35mthemes/next/source/css/_common/components/header/headerband.styl\u001b[39m","time":"2016-01-22T07:29:28.367Z","v":0}
{"name":"hexo","hostname":"localhost","pid":5122,"level":20,"msg":"Added: \u001b[35mthemes/next/source/css/_common/components/header/menu.styl\u001b[39m","time":"2016-01-22T07:29:28.367Z","v":0}
{"name":"hexo","hostname":"localhost","pid":5122,"level":20,"msg":"Added: \u001b[35mthemes/next/source/css/_common/components/header/site-nav.styl\u001b[39m","time":"2016-01-22T07:29:28.367Z","v":0}
{"name":"hexo","hostname":"localhost","pid":5122,"level":20,"msg":"Added: \u001b[35mthemes/next/source/css/_common/components/header/site-meta.styl\u001b[39m","time":"2016-01-22T07:29:28.367Z","v":0}
{"name":"hexo","hostname":"localhost","pid":5122,"level":20,"msg":"Added: \u001b[35mthemes/next/source/css/_common/components/highlight/highlight.styl\u001b[39m","time":"2016-01-22T07:29:28.367Z","v":0}
{"name":"hexo","hostname":"localhost","pid":5122,"level":20,"msg":"Added: \u001b[35mthemes/next/source/css/_common/components/highlight/theme.styl\u001b[39m","time":"2016-01-22T07:29:28.367Z","v":0}
{"name":"hexo","hostname":"localhost","pid":5122,"level":20,"msg":"Added: \u001b[35mthemes/next/source/css/_common/components/pages/archive.styl\u001b[39m","time":"2016-01-22T07:29:28.367Z","v":0}
{"name":"hexo","hostname":"localhost","pid":5122,"level":20,"msg":"Added: \u001b[35mthemes/next/source/css/_common/components/pages/categories.styl\u001b[39m","time":"2016-01-22T07:29:28.367Z","v":0}
{"name":"hexo","hostname":"localhost","pid":5122,"level":20,"msg":"Added: \u001b[35mthemes/next/source/css/_common/components/pages/pages.styl\u001b[39m","time":"2016-01-22T07:29:28.367Z","v":0}
{"name":"hexo","hostname":"localhost","pid":5122,"level":20,"msg":"Added: \u001b[35mthemes/next/source/css/_common/components/pages/post-detail.styl\u001b[39m","time":"2016-01-22T07:29:28.367Z","v":0}
{"name":"hexo","hostname":"localhost","pid":5122,"level":20,"msg":"Added: \u001b[35mthemes/next/source/css/_common/components/pagination.styl\u001b[39m","time":"2016-01-22T07:29:28.368Z","v":0}
{"name":"hexo","hostname":"localhost","pid":5122,"level":20,"msg":"Added: \u001b[35mthemes/next/source/css/_common/components/post/post-collapse.styl\u001b[39m","time":"2016-01-22T07:29:28.368Z","v":0}
{"name":"hexo","hostname":"localhost","pid":5122,"level":20,"msg":"Added: \u001b[35mthemes/next/source/css/_common/components/post/post-eof.styl\u001b[39m","time":"2016-01-22T07:29:28.368Z","v":0}
{"name":"hexo","hostname":"localhost","pid":5122,"level":20,"msg":"Added: \u001b[35mthemes/next/source/css/_common/components/post/post-expand.styl\u001b[39m","time":"2016-01-22T07:29:28.368Z","v":0}
{"name":"hexo","hostname":"localhost","pid":5122,"level":20,"msg":"Added: \u001b[35mthemes/next/source/css/_common/components/post/post-gallery.styl\u001b[39m","time":"2016-01-22T07:29:28.368Z","v":0}
{"name":"hexo","hostname":"localhost","pid":5122,"level":20,"msg":"Added: \u001b[35mthemes/next/source/css/_common/components/post/post-meta.styl\u001b[39m","time":"2016-01-22T07:29:28.368Z","v":0}
{"name":"hexo","hostname":"localhost","pid":5122,"level":20,"msg":"Added: \u001b[35mthemes/next/source/css/_common/components/post/post-more-link.styl\u001b[39m","time":"2016-01-22T07:29:28.368Z","v":0}
{"name":"hexo","hostname":"localhost","pid":5122,"level":20,"msg":"Added: \u001b[35mthemes/next/source/css/_common/components/post/post-nav.styl\u001b[39m","time":"2016-01-22T07:29:28.368Z","v":0}
{"name":"hexo","hostname":"localhost","pid":5122,"level":20,"msg":"Added: \u001b[35mthemes/next/source/css/_common/components/post/post-tags.styl\u001b[39m","time":"2016-01-22T07:29:28.368Z","v":0}
{"name":"hexo","hostname":"localhost","pid":5122,"level":20,"msg":"Added: \u001b[35mthemes/next/source/css/_common/components/post/post-title.styl\u001b[39m","time":"2016-01-22T07:29:28.368Z","v":0}
{"name":"hexo","hostname":"localhost","pid":5122,"level":20,"msg":"Added: \u001b[35mthemes/next/source/css/_common/components/post/post-type.styl\u001b[39m","time":"2016-01-22T07:29:28.369Z","v":0}
{"name":"hexo","hostname":"localhost","pid":5122,"level":20,"msg":"Added: \u001b[35mthemes/next/source/css/_common/components/post/post.styl\u001b[39m","time":"2016-01-22T07:29:28.369Z","v":0}
{"name":"hexo","hostname":"localhost","pid":5122,"level":20,"msg":"Added: \u001b[35mthemes/next/source/css/_common/components/sidebar/sidebar-author-links.styl\u001b[39m","time":"2016-01-22T07:29:28.369Z","v":0}
{"name":"hexo","hostname":"localhost","pid":5122,"level":20,"msg":"Added: \u001b[35mthemes/next/source/css/_common/components/sidebar/sidebar-author.styl\u001b[39m","time":"2016-01-22T07:29:28.369Z","v":0}
{"name":"hexo","hostname":"localhost","pid":5122,"level":20,"msg":"Added: \u001b[35mthemes/next/source/css/_common/components/sidebar/sidebar-feed-link.styl\u001b[39m","time":"2016-01-22T07:29:28.369Z","v":0}
{"name":"hexo","hostname":"localhost","pid":5122,"level":20,"msg":"Added: \u001b[35mthemes/next/source/css/_common/components/sidebar/sidebar-nav.styl\u001b[39m","time":"2016-01-22T07:29:28.369Z","v":0}
{"name":"hexo","hostname":"localhost","pid":5122,"level":20,"msg":"Added: \u001b[35mthemes/next/source/css/_common/components/sidebar/sidebar-toc.styl\u001b[39m","time":"2016-01-22T07:29:28.369Z","v":0}
{"name":"hexo","hostname":"localhost","pid":5122,"level":20,"msg":"Added: \u001b[35mthemes/next/source/css/_common/components/sidebar/sidebar-toggle.styl\u001b[39m","time":"2016-01-22T07:29:28.369Z","v":0}
{"name":"hexo","hostname":"localhost","pid":5122,"level":20,"msg":"Added: \u001b[35mthemes/next/source/css/_common/components/sidebar/sidebar.styl\u001b[39m","time":"2016-01-22T07:29:28.369Z","v":0}
{"name":"hexo","hostname":"localhost","pid":5122,"level":20,"msg":"Added: \u001b[35mthemes/next/source/css/_common/components/sidebar/site-state.styl\u001b[39m","time":"2016-01-22T07:29:28.369Z","v":0}
{"name":"hexo","hostname":"localhost","pid":5122,"level":20,"msg":"Added: \u001b[35mthemes/next/source/css/_common/components/tag-cloud.styl\u001b[39m","time":"2016-01-22T07:29:28.369Z","v":0}
{"name":"hexo","hostname":"localhost","pid":5122,"level":20,"msg":"Added: \u001b[35mthemes/next/source/css/_common/components/tags/blockquote-center.styl\u001b[39m","time":"2016-01-22T07:29:28.370Z","v":0}
{"name":"hexo","hostname":"localhost","pid":5122,"level":20,"msg":"Added: \u001b[35mthemes/next/source/css/_common/components/tags/full-image.styl\u001b[39m","time":"2016-01-22T07:29:28.370Z","v":0}
{"name":"hexo","hostname":"localhost","pid":5122,"level":20,"msg":"Added: \u001b[35mthemes/next/source/css/_common/components/tags/group-pictures.styl\u001b[39m","time":"2016-01-22T07:29:28.370Z","v":0}
{"name":"hexo","hostname":"localhost","pid":5122,"level":20,"msg":"Added: \u001b[35mthemes/next/source/css/_common/components/tags/tags.styl\u001b[39m","time":"2016-01-22T07:29:28.370Z","v":0}
{"name":"hexo","hostname":"localhost","pid":5122,"level":20,"msg":"Added: \u001b[35mthemes/next/source/css/_common/components/third-party/duoshuo.styl\u001b[39m","time":"2016-01-22T07:29:28.370Z","v":0}
{"name":"hexo","hostname":"localhost","pid":5122,"level":20,"msg":"Added: \u001b[35mthemes/next/source/css/_common/components/third-party/jiathis.styl\u001b[39m","time":"2016-01-22T07:29:28.370Z","v":0}
{"name":"hexo","hostname":"localhost","pid":5122,"level":20,"msg":"Added: \u001b[35mthemes/next/source/css/_common/components/third-party/third-party.styl\u001b[39m","time":"2016-01-22T07:29:28.370Z","v":0}
{"name":"hexo","hostname":"localhost","pid":5122,"level":20,"msg":"Added: \u001b[35mthemes/next/source/css/_common/outline/outline.styl\u001b[39m","time":"2016-01-22T07:29:28.370Z","v":0}
{"name":"hexo","hostname":"localhost","pid":5122,"level":20,"msg":"Added: \u001b[35mthemes/next/source/css/_common/scaffolding/base.styl\u001b[39m","time":"2016-01-22T07:29:28.371Z","v":0}
{"name":"hexo","hostname":"localhost","pid":5122,"level":20,"msg":"Added: \u001b[35mthemes/next/source/css/_common/scaffolding/helpers.styl\u001b[39m","time":"2016-01-22T07:29:28.374Z","v":0}
{"name":"hexo","hostname":"localhost","pid":5122,"level":20,"msg":"Added: \u001b[35mthemes/next/source/css/_common/scaffolding/normalize.styl\u001b[39m","time":"2016-01-22T07:29:28.374Z","v":0}
{"name":"hexo","hostname":"localhost","pid":5122,"level":20,"msg":"Added: \u001b[35mthemes/next/source/css/_common/scaffolding/scaffolding.styl\u001b[39m","time":"2016-01-22T07:29:28.374Z","v":0}
{"name":"hexo","hostname":"localhost","pid":5122,"level":20,"msg":"Added: \u001b[35mthemes/next/source/css/_common/scaffolding/tables.styl\u001b[39m","time":"2016-01-22T07:29:28.374Z","v":0}
{"name":"hexo","hostname":"localhost","pid":5122,"level":20,"msg":"Added: \u001b[35mthemes/next/source/css/_custom/custom.styl\u001b[39m","time":"2016-01-22T07:29:28.374Z","v":0}
{"name":"hexo","hostname":"localhost","pid":5122,"level":20,"msg":"Added: \u001b[35mthemes/next/source/css/_mixins/Pisces.styl\u001b[39m","time":"2016-01-22T07:29:28.375Z","v":0}
{"name":"hexo","hostname":"localhost","pid":5122,"level":20,"msg":"Added: \u001b[35mthemes/next/source/css/_mixins/base.styl\u001b[39m","time":"2016-01-22T07:29:28.375Z","v":0}
{"name":"hexo","hostname":"localhost","pid":5122,"level":20,"msg":"Added: \u001b[35mthemes/next/source/css/_schemes/Mist/_base.styl\u001b[39m","time":"2016-01-22T07:29:28.376Z","v":0}
{"name":"hexo","hostname":"localhost","pid":5122,"level":20,"msg":"Added: \u001b[35mthemes/next/source/css/_schemes/Mist/_header.styl\u001b[39m","time":"2016-01-22T07:29:28.376Z","v":0}
{"name":"hexo","hostname":"localhost","pid":5122,"level":20,"msg":"Added: \u001b[35mthemes/next/source/css/_schemes/Mist/_logo.styl\u001b[39m","time":"2016-01-22T07:29:28.376Z","v":0}
{"name":"hexo","hostname":"localhost","pid":5122,"level":20,"msg":"Added: \u001b[35mthemes/next/source/css/_schemes/Mist/_menu.styl\u001b[39m","time":"2016-01-22T07:29:28.377Z","v":0}
{"name":"hexo","hostname":"localhost","pid":5122,"level":20,"msg":"Added: \u001b[35mthemes/next/source/css/_schemes/Mist/_posts-expanded.styl\u001b[39m","time":"2016-01-22T07:29:28.377Z","v":0}
{"name":"hexo","hostname":"localhost","pid":5122,"level":20,"msg":"Added: \u001b[35mthemes/next/source/css/_schemes/Mist/index.styl\u001b[39m","time":"2016-01-22T07:29:28.377Z","v":0}
{"name":"hexo","hostname":"localhost","pid":5122,"level":20,"msg":"Added: \u001b[35mthemes/next/source/css/_schemes/Muse/_logo.styl\u001b[39m","time":"2016-01-22T07:29:28.378Z","v":0}
{"name":"hexo","hostname":"localhost","pid":5122,"level":20,"msg":"Added: \u001b[35mthemes/next/source/css/_schemes/Muse/_menu.styl\u001b[39m","time":"2016-01-22T07:29:28.378Z","v":0}
{"name":"hexo","hostname":"localhost","pid":5122,"level":20,"msg":"Added: \u001b[35mthemes/next/source/css/_schemes/Muse/_search.styl\u001b[39m","time":"2016-01-22T07:29:28.378Z","v":0}
{"name":"hexo","hostname":"localhost","pid":5122,"level":20,"msg":"Added: \u001b[35mthemes/next/source/css/_schemes/Muse/index.styl\u001b[39m","time":"2016-01-22T07:29:28.379Z","v":0}
{"name":"hexo","hostname":"localhost","pid":5122,"level":20,"msg":"Added: \u001b[35mthemes/next/source/css/_schemes/Pisces/_brand.styl\u001b[39m","time":"2016-01-22T07:29:28.379Z","v":0}
{"name":"hexo","hostname":"localhost","pid":5122,"level":20,"msg":"Added: \u001b[35mthemes/next/source/css/_schemes/Pisces/_full-image.styl\u001b[39m","time":"2016-01-22T07:29:28.380Z","v":0}
{"name":"hexo","hostname":"localhost","pid":5122,"level":20,"msg":"Added: \u001b[35mthemes/next/source/css/_schemes/Pisces/_layout.styl\u001b[39m","time":"2016-01-22T07:29:28.380Z","v":0}
{"name":"hexo","hostname":"localhost","pid":5122,"level":20,"msg":"Added: \u001b[35mthemes/next/source/css/_schemes/Pisces/_menu.styl\u001b[39m","time":"2016-01-22T07:29:28.380Z","v":0}
{"name":"hexo","hostname":"localhost","pid":5122,"level":20,"msg":"Added: \u001b[35mthemes/next/source/css/_schemes/Pisces/_posts.styl\u001b[39m","time":"2016-01-22T07:29:28.380Z","v":0}
{"name":"hexo","hostname":"localhost","pid":5122,"level":20,"msg":"Added: \u001b[35mthemes/next/source/css/_schemes/Pisces/_sidebar.styl\u001b[39m","time":"2016-01-22T07:29:28.380Z","v":0}
{"name":"hexo","hostname":"localhost","pid":5122,"level":20,"msg":"Added: \u001b[35mthemes/next/source/css/_schemes/Pisces/index.styl\u001b[39m","time":"2016-01-22T07:29:28.406Z","v":0}
{"name":"hexo","hostname":"localhost","pid":5122,"level":20,"msg":"Added: \u001b[35mthemes/next/source/css/_variables/Mist.styl\u001b[39m","time":"2016-01-22T07:29:28.406Z","v":0}
{"name":"hexo","hostname":"localhost","pid":5122,"level":20,"msg":"Added: \u001b[35mthemes/next/source/css/_variables/Pisces.styl\u001b[39m","time":"2016-01-22T07:29:28.406Z","v":0}
{"name":"hexo","hostname":"localhost","pid":5122,"level":20,"msg":"Added: \u001b[35mthemes/next/source/css/_variables/base.styl\u001b[39m","time":"2016-01-22T07:29:28.406Z","v":0}
{"name":"hexo","hostname":"localhost","pid":5122,"level":20,"msg":"Added: \u001b[35mthemes/next/source/css/_variables/default.styl\u001b[39m","time":"2016-01-22T07:29:28.407Z","v":0}
{"name":"hexo","hostname":"localhost","pid":5122,"level":20,"msg":"Added: \u001b[35mthemes/next/source/css/main.styl\u001b[39m","time":"2016-01-22T07:29:28.407Z","v":0}
{"name":"hexo","hostname":"localhost","pid":5122,"level":20,"msg":"Added: \u001b[35mthemes/next/source/images/cc-by-nc-nd.svg\u001b[39m","time":"2016-01-22T07:29:28.407Z","v":0}
{"name":"hexo","hostname":"localhost","pid":5122,"level":20,"msg":"Added: \u001b[35mthemes/next/source/images/cc-by-nc-sa.svg\u001b[39m","time":"2016-01-22T07:29:28.407Z","v":0}
{"name":"hexo","hostname":"localhost","pid":5122,"level":20,"msg":"Added: \u001b[35mthemes/next/source/images/cc-by-nc.svg\u001b[39m","time":"2016-01-22T07:29:28.408Z","v":0}
{"name":"hexo","hostname":"localhost","pid":5122,"level":20,"msg":"Added: \u001b[35mthemes/next/source/images/cc-by-nd.svg\u001b[39m","time":"2016-01-22T07:29:28.408Z","v":0}
{"name":"hexo","hostname":"localhost","pid":5122,"level":20,"msg":"Added: \u001b[35mthemes/next/source/images/cc-by-sa.svg\u001b[39m","time":"2016-01-22T07:29:28.408Z","v":0}
{"name":"hexo","hostname":"localhost","pid":5122,"level":20,"msg":"Added: \u001b[35mthemes/next/source/images/cc-by.svg\u001b[39m","time":"2016-01-22T07:29:28.408Z","v":0}
{"name":"hexo","hostname":"localhost","pid":5122,"level":20,"msg":"Added: \u001b[35mthemes/next/source/images/cc-zero.svg\u001b[39m","time":"2016-01-22T07:29:28.408Z","v":0}
{"name":"hexo","hostname":"localhost","pid":5122,"level":20,"msg":"Added: \u001b[35mthemes/next/source/images/loading.gif\u001b[39m","time":"2016-01-22T07:29:28.409Z","v":0}
{"name":"hexo","hostname":"localhost","pid":5122,"level":20,"msg":"Added: \u001b[35mthemes/next/source/images/placeholder.gif\u001b[39m","time":"2016-01-22T07:29:28.409Z","v":0}
{"name":"hexo","hostname":"localhost","pid":5122,"level":20,"msg":"Added: \u001b[35mthemes/next/source/images/quote-l.svg\u001b[39m","time":"2016-01-22T07:29:28.409Z","v":0}
{"name":"hexo","hostname":"localhost","pid":5122,"level":20,"msg":"Added: \u001b[35mthemes/next/source/images/quote-r.svg\u001b[39m","time":"2016-01-22T07:29:28.409Z","v":0}
{"name":"hexo","hostname":"localhost","pid":5122,"level":20,"msg":"Added: \u001b[35mthemes/next/source/images/searchicon.png\u001b[39m","time":"2016-01-22T07:29:28.409Z","v":0}
{"name":"hexo","hostname":"localhost","pid":5122,"level":20,"msg":"Added: \u001b[35mthemes/next/source/js/src/affix.js\u001b[39m","time":"2016-01-22T07:29:28.409Z","v":0}
{"name":"hexo","hostname":"localhost","pid":5122,"level":20,"msg":"Added: \u001b[35mthemes/next/source/js/src/bootstrap.js\u001b[39m","time":"2016-01-22T07:29:28.409Z","v":0}
{"name":"hexo","hostname":"localhost","pid":5122,"level":20,"msg":"Added: \u001b[35mthemes/next/source/js/src/hook-duoshuo.js\u001b[39m","time":"2016-01-22T07:29:28.409Z","v":0}
{"name":"hexo","hostname":"localhost","pid":5122,"level":20,"msg":"Added: \u001b[35mthemes/next/source/js/src/motion.js\u001b[39m","time":"2016-01-22T07:29:28.410Z","v":0}
{"name":"hexo","hostname":"localhost","pid":5122,"level":20,"msg":"Added: \u001b[35mthemes/next/source/js/src/schemes/pisces.js\u001b[39m","time":"2016-01-22T07:29:28.410Z","v":0}
{"name":"hexo","hostname":"localhost","pid":5122,"level":20,"msg":"Added: \u001b[35mthemes/next/source/js/src/scrollspy.js\u001b[39m","time":"2016-01-22T07:29:28.410Z","v":0}
{"name":"hexo","hostname":"localhost","pid":5122,"level":20,"msg":"Added: \u001b[35mthemes/next/source/js/src/utils.js\u001b[39m","time":"2016-01-22T07:29:28.410Z","v":0}
{"name":"hexo","hostname":"localhost","pid":5122,"level":20,"msg":"Added: \u001b[35mthemes/next/source/vendors/fancybox/source/blank.gif\u001b[39m","time":"2016-01-22T07:29:28.410Z","v":0}
{"name":"hexo","hostname":"localhost","pid":5122,"level":20,"msg":"Added: \u001b[35mthemes/next/source/vendors/fancybox/source/fancybox_loading.gif\u001b[39m","time":"2016-01-22T07:29:28.410Z","v":0}
{"name":"hexo","hostname":"localhost","pid":5122,"level":20,"msg":"Added: \u001b[35mthemes/next/source/vendors/fancybox/source/fancybox_loading@2x.gif\u001b[39m","time":"2016-01-22T07:29:28.410Z","v":0}
{"name":"hexo","hostname":"localhost","pid":5122,"level":20,"msg":"Added: \u001b[35mthemes/next/source/vendors/fancybox/source/fancybox_overlay.png\u001b[39m","time":"2016-01-22T07:29:28.410Z","v":0}
{"name":"hexo","hostname":"localhost","pid":5122,"level":20,"msg":"Added: \u001b[35mthemes/next/source/vendors/fancybox/source/fancybox_sprite.png\u001b[39m","time":"2016-01-22T07:29:28.410Z","v":0}
{"name":"hexo","hostname":"localhost","pid":5122,"level":20,"msg":"Added: \u001b[35mthemes/next/source/vendors/fancybox/source/fancybox_sprite@2x.png\u001b[39m","time":"2016-01-22T07:29:28.410Z","v":0}
{"name":"hexo","hostname":"localhost","pid":5122,"level":20,"msg":"Added: \u001b[35mthemes/next/source/vendors/fancybox/source/helpers/fancybox_buttons.png\u001b[39m","time":"2016-01-22T07:29:28.410Z","v":0}
{"name":"hexo","hostname":"localhost","pid":5122,"level":20,"msg":"Added: \u001b[35mthemes/next/source/vendors/fancybox/source/helpers/jquery.fancybox-buttons.css\u001b[39m","time":"2016-01-22T07:29:28.410Z","v":0}
{"name":"hexo","hostname":"localhost","pid":5122,"level":20,"msg":"Added: \u001b[35mthemes/next/source/vendors/fancybox/source/helpers/jquery.fancybox-buttons.js\u001b[39m","time":"2016-01-22T07:29:28.411Z","v":0}
{"name":"hexo","hostname":"localhost","pid":5122,"level":20,"msg":"Added: \u001b[35mthemes/next/source/vendors/fancybox/source/helpers/jquery.fancybox-media.js\u001b[39m","time":"2016-01-22T07:29:28.411Z","v":0}
{"name":"hexo","hostname":"localhost","pid":5122,"level":20,"msg":"Added: \u001b[35mthemes/next/source/vendors/fancybox/source/helpers/jquery.fancybox-thumbs.css\u001b[39m","time":"2016-01-22T07:29:28.411Z","v":0}
{"name":"hexo","hostname":"localhost","pid":5122,"level":20,"msg":"Added: \u001b[35mthemes/next/source/vendors/fancybox/source/helpers/jquery.fancybox-thumbs.js\u001b[39m","time":"2016-01-22T07:29:28.411Z","v":0}
{"name":"hexo","hostname":"localhost","pid":5122,"level":20,"msg":"Added: \u001b[35mthemes/next/source/vendors/fancybox/source/jquery.fancybox.css\u001b[39m","time":"2016-01-22T07:29:28.411Z","v":0}
{"name":"hexo","hostname":"localhost","pid":5122,"level":20,"msg":"Added: \u001b[35mthemes/next/source/vendors/fancybox/source/jquery.fancybox.pack.js\u001b[39m","time":"2016-01-22T07:29:28.411Z","v":0}
{"name":"hexo","hostname":"localhost","pid":5122,"level":20,"msg":"Added: \u001b[35mthemes/next/source/vendors/fancybox/source/jquery.fancybox.js\u001b[39m","time":"2016-01-22T07:29:28.411Z","v":0}
{"name":"hexo","hostname":"localhost","pid":5122,"level":20,"msg":"Added: \u001b[35mthemes/next/source/vendors/fastclick/LICENSE\u001b[39m","time":"2016-01-22T07:29:28.411Z","v":0}
{"name":"hexo","hostname":"localhost","pid":5122,"level":20,"msg":"Added: \u001b[35mthemes/next/source/vendors/fastclick/README.md\u001b[39m","time":"2016-01-22T07:29:28.412Z","v":0}
{"name":"hexo","hostname":"localhost","pid":5122,"level":20,"msg":"Added: \u001b[35mthemes/next/source/vendors/fastclick/bower.json\u001b[39m","time":"2016-01-22T07:29:28.412Z","v":0}
{"name":"hexo","hostname":"localhost","pid":5122,"level":20,"msg":"Added: \u001b[35mthemes/next/source/vendors/fastclick/lib/fastclick.js\u001b[39m","time":"2016-01-22T07:29:28.412Z","v":0}
{"name":"hexo","hostname":"localhost","pid":5122,"level":20,"msg":"Added: \u001b[35mthemes/next/source/vendors/fastclick/lib/fastclick.min.js\u001b[39m","time":"2016-01-22T07:29:28.412Z","v":0}
{"name":"hexo","hostname":"localhost","pid":5122,"level":20,"msg":"Added: \u001b[35mthemes/next/source/vendors/font-awesome/bower.json\u001b[39m","time":"2016-01-22T07:29:28.412Z","v":0}
{"name":"hexo","hostname":"localhost","pid":5122,"level":20,"msg":"Added: \u001b[35mthemes/next/source/vendors/font-awesome/HELP-US-OUT.txt\u001b[39m","time":"2016-01-22T07:29:28.412Z","v":0}
{"name":"hexo","hostname":"localhost","pid":5122,"level":20,"msg":"Added: \u001b[35mthemes/next/source/vendors/font-awesome/css/font-awesome.css.map\u001b[39m","time":"2016-01-22T07:29:28.412Z","v":0}
{"name":"hexo","hostname":"localhost","pid":5122,"level":20,"msg":"Added: \u001b[35mthemes/next/source/vendors/font-awesome/css/font-awesome.min.css\u001b[39m","time":"2016-01-22T07:29:28.413Z","v":0}
{"name":"hexo","hostname":"localhost","pid":5122,"level":20,"msg":"Added: \u001b[35mthemes/next/source/vendors/font-awesome/css/font-awesome.css\u001b[39m","time":"2016-01-22T07:29:28.413Z","v":0}
{"name":"hexo","hostname":"localhost","pid":5122,"level":20,"msg":"Added: \u001b[35mthemes/next/source/vendors/font-awesome/fonts/fontawesome-webfont.woff2\u001b[39m","time":"2016-01-22T07:29:28.413Z","v":0}
{"name":"hexo","hostname":"localhost","pid":5122,"level":20,"msg":"Added: \u001b[35mthemes/next/source/vendors/jquery_lazyload/CONTRIBUTING.md\u001b[39m","time":"2016-01-22T07:29:28.413Z","v":0}
{"name":"hexo","hostname":"localhost","pid":5122,"level":20,"msg":"Added: \u001b[35mthemes/next/source/vendors/jquery_lazyload/README.md\u001b[39m","time":"2016-01-22T07:29:28.413Z","v":0}
{"name":"hexo","hostname":"localhost","pid":5122,"level":20,"msg":"Added: \u001b[35mthemes/next/source/vendors/jquery_lazyload/bower.json\u001b[39m","time":"2016-01-22T07:29:28.413Z","v":0}
{"name":"hexo","hostname":"localhost","pid":5122,"level":20,"msg":"Added: \u001b[35mthemes/next/source/vendors/jquery_lazyload/jquery.lazyload.js\u001b[39m","time":"2016-01-22T07:29:28.413Z","v":0}
{"name":"hexo","hostname":"localhost","pid":5122,"level":20,"msg":"Added: \u001b[35mthemes/next/source/vendors/jquery_lazyload/jquery.scrollstop.js\u001b[39m","time":"2016-01-22T07:29:28.413Z","v":0}
{"name":"hexo","hostname":"localhost","pid":5122,"level":20,"msg":"Added: \u001b[35mthemes/next/source/vendors/ua-parser-js/dist/ua-parser.min.js\u001b[39m","time":"2016-01-22T07:29:28.413Z","v":0}
{"name":"hexo","hostname":"localhost","pid":5122,"level":20,"msg":"Added: \u001b[35mthemes/next/source/vendors/ua-parser-js/dist/ua-parser.pack.js\u001b[39m","time":"2016-01-22T07:29:28.413Z","v":0}
{"name":"hexo","hostname":"localhost","pid":5122,"level":20,"msg":"Added: \u001b[35mthemes/next/source/vendors/velocity/bower.json\u001b[39m","time":"2016-01-22T07:29:28.413Z","v":0}
{"name":"hexo","hostname":"localhost","pid":5122,"level":20,"msg":"Added: \u001b[35mthemes/next/source/vendors/velocity/velocity.min.js\u001b[39m","time":"2016-01-22T07:29:28.413Z","v":0}
{"name":"hexo","hostname":"localhost","pid":5122,"level":20,"msg":"Added: \u001b[35mthemes/next/source/vendors/velocity/velocity.ui.min.js\u001b[39m","time":"2016-01-22T07:29:28.414Z","v":0}
{"name":"hexo","hostname":"localhost","pid":5122,"level":20,"msg":"Added: \u001b[35mthemes/next/source/vendors/velocity/velocity.ui.js\u001b[39m","time":"2016-01-22T07:29:28.414Z","v":0}
{"name":"hexo","hostname":"localhost","pid":5122,"level":20,"msg":"Added: \u001b[35mthemes/next/test/helpers.js\u001b[39m","time":"2016-01-22T07:29:28.414Z","v":0}
{"name":"hexo","hostname":"localhost","pid":5122,"level":20,"msg":"Added: \u001b[35mthemes/next/test/intern.js\u001b[39m","time":"2016-01-22T07:29:28.414Z","v":0}
{"name":"hexo","hostname":"localhost","pid":5122,"level":20,"msg":"Added: \u001b[35mthemes/next/source/vendors/font-awesome/fonts/FontAwesome.otf\u001b[39m","time":"2016-01-22T07:29:28.436Z","v":0}
{"name":"hexo","hostname":"localhost","pid":5122,"level":20,"msg":"Added: \u001b[35mthemes/next/source/vendors/font-awesome/fonts/fontawesome-webfont.eot\u001b[39m","time":"2016-01-22T07:29:28.436Z","v":0}
{"name":"hexo","hostname":"localhost","pid":5122,"level":20,"msg":"Added: \u001b[35mthemes/next/source/vendors/jquery/index.js\u001b[39m","time":"2016-01-22T07:29:28.436Z","v":0}
{"name":"hexo","hostname":"localhost","pid":5122,"level":20,"msg":"Added: \u001b[35mthemes/next/source/vendors/font-awesome/fonts/fontawesome-webfont.woff\u001b[39m","time":"2016-01-22T07:29:28.436Z","v":0}
{"name":"hexo","hostname":"localhost","pid":5122,"level":20,"msg":"Added: \u001b[35mthemes/next/source/vendors/font-awesome/fonts/fontawesome-webfont.ttf\u001b[39m","time":"2016-01-22T07:29:28.437Z","v":0}
{"name":"hexo","hostname":"localhost","pid":5122,"level":20,"msg":"Processed: \u001b[35m_posts/hello-world.md\u001b[39m","time":"2016-01-22T07:29:28.444Z","v":0}
{"name":"hexo","hostname":"localhost","pid":5122,"level":20,"msg":"Added: \u001b[35mthemes/next/source/vendors/velocity/velocity.js\u001b[39m","time":"2016-01-22T07:29:28.447Z","v":0}
{"name":"hexo","hostname":"localhost","pid":5122,"level":20,"msg":"Added: \u001b[35mthemes/next/source/vendors/font-awesome/fonts/fontawesome-webfont.svg\u001b[39m","time":"2016-01-22T07:29:28.515Z","v":0}
{"name":"hexo","hostname":"localhost","pid":5122,"level":20,"msg":"Processed: \u001b[35msource/vendors/velocity/velocity.ui.min.js\u001b[39m","time":"2016-01-22T07:29:28.517Z","v":0}
{"name":"hexo","hostname":"localhost","pid":5122,"level":20,"msg":"Processed: \u001b[35msource/vendors/velocity/velocity.ui.js\u001b[39m","time":"2016-01-22T07:29:28.517Z","v":0}
{"name":"hexo","hostname":"localhost","pid":5122,"level":20,"msg":"Processed: \u001b[35msource/vendors/velocity/velocity.min.js\u001b[39m","time":"2016-01-22T07:29:28.517Z","v":0}
{"name":"hexo","hostname":"localhost","pid":5122,"level":20,"msg":"Processed: \u001b[35msource/vendors/velocity/velocity.js\u001b[39m","time":"2016-01-22T07:29:28.518Z","v":0}
{"name":"hexo","hostname":"localhost","pid":5122,"level":20,"msg":"Processed: \u001b[35msource/vendors/velocity/bower.json\u001b[39m","time":"2016-01-22T07:29:28.518Z","v":0}
{"name":"hexo","hostname":"localhost","pid":5122,"level":20,"msg":"Processed: \u001b[35msource/vendors/ua-parser-js/dist/ua-parser.pack.js\u001b[39m","time":"2016-01-22T07:29:28.518Z","v":0}
{"name":"hexo","hostname":"localhost","pid":5122,"level":20,"msg":"Processed: \u001b[35msource/vendors/ua-parser-js/dist/ua-parser.min.js\u001b[39m","time":"2016-01-22T07:29:28.518Z","v":0}
{"name":"hexo","hostname":"localhost","pid":5122,"level":20,"msg":"Processed: \u001b[35msource/vendors/jquery_lazyload/jquery.scrollstop.js\u001b[39m","time":"2016-01-22T07:29:28.518Z","v":0}
{"name":"hexo","hostname":"localhost","pid":5122,"level":20,"msg":"Processed: \u001b[35msource/vendors/jquery_lazyload/jquery.lazyload.js\u001b[39m","time":"2016-01-22T07:29:28.519Z","v":0}
{"name":"hexo","hostname":"localhost","pid":5122,"level":20,"msg":"Processed: \u001b[35msource/vendors/jquery_lazyload/bower.json\u001b[39m","time":"2016-01-22T07:29:28.519Z","v":0}
{"name":"hexo","hostname":"localhost","pid":5122,"level":20,"msg":"Processed: \u001b[35msource/vendors/jquery_lazyload/README.md\u001b[39m","time":"2016-01-22T07:29:28.519Z","v":0}
{"name":"hexo","hostname":"localhost","pid":5122,"level":20,"msg":"Processed: \u001b[35msource/vendors/jquery_lazyload/CONTRIBUTING.md\u001b[39m","time":"2016-01-22T07:29:28.519Z","v":0}
{"name":"hexo","hostname":"localhost","pid":5122,"level":20,"msg":"Processed: \u001b[35msource/vendors/jquery/index.js\u001b[39m","time":"2016-01-22T07:29:28.520Z","v":0}
{"name":"hexo","hostname":"localhost","pid":5122,"level":20,"msg":"Processed: \u001b[35msource/vendors/font-awesome/fonts/fontawesome-webfont.woff2\u001b[39m","time":"2016-01-22T07:29:28.520Z","v":0}
{"name":"hexo","hostname":"localhost","pid":5122,"level":20,"msg":"Processed: \u001b[35msource/vendors/font-awesome/fonts/fontawesome-webfont.woff\u001b[39m","time":"2016-01-22T07:29:28.520Z","v":0}
{"name":"hexo","hostname":"localhost","pid":5122,"level":20,"msg":"Processed: \u001b[35msource/vendors/font-awesome/fonts/fontawesome-webfont.ttf\u001b[39m","time":"2016-01-22T07:29:28.520Z","v":0}
{"name":"hexo","hostname":"localhost","pid":5122,"level":20,"msg":"Processed: \u001b[35msource/vendors/font-awesome/fonts/fontawesome-webfont.svg\u001b[39m","time":"2016-01-22T07:29:28.521Z","v":0}
{"name":"hexo","hostname":"localhost","pid":5122,"level":20,"msg":"Processed: \u001b[35msource/vendors/font-awesome/fonts/fontawesome-webfont.eot\u001b[39m","time":"2016-01-22T07:29:28.521Z","v":0}
{"name":"hexo","hostname":"localhost","pid":5122,"level":20,"msg":"Processed: \u001b[35msource/vendors/font-awesome/fonts/FontAwesome.otf\u001b[39m","time":"2016-01-22T07:29:28.521Z","v":0}
{"name":"hexo","hostname":"localhost","pid":5122,"level":20,"msg":"Processed: \u001b[35msource/vendors/font-awesome/css/font-awesome.min.css\u001b[39m","time":"2016-01-22T07:29:28.521Z","v":0}
{"name":"hexo","hostname":"localhost","pid":5122,"level":20,"msg":"Processed: \u001b[35msource/vendors/font-awesome/css/font-awesome.css.map\u001b[39m","time":"2016-01-22T07:29:28.522Z","v":0}
{"name":"hexo","hostname":"localhost","pid":5122,"level":20,"msg":"Processed: \u001b[35msource/vendors/font-awesome/css/font-awesome.css\u001b[39m","time":"2016-01-22T07:29:28.522Z","v":0}
{"name":"hexo","hostname":"localhost","pid":5122,"level":20,"msg":"Processed: \u001b[35msource/vendors/font-awesome/bower.json\u001b[39m","time":"2016-01-22T07:29:28.522Z","v":0}
{"name":"hexo","hostname":"localhost","pid":5122,"level":20,"msg":"Processed: \u001b[35msource/vendors/font-awesome/HELP-US-OUT.txt\u001b[39m","time":"2016-01-22T07:29:28.522Z","v":0}
{"name":"hexo","hostname":"localhost","pid":5122,"level":20,"msg":"Processed: \u001b[35msource/vendors/fastclick/lib/fastclick.min.js\u001b[39m","time":"2016-01-22T07:29:28.522Z","v":0}
{"name":"hexo","hostname":"localhost","pid":5122,"level":20,"msg":"Processed: \u001b[35msource/vendors/fastclick/lib/fastclick.js\u001b[39m","time":"2016-01-22T07:29:28.522Z","v":0}
{"name":"hexo","hostname":"localhost","pid":5122,"level":20,"msg":"Processed: \u001b[35msource/vendors/fastclick/bower.json\u001b[39m","time":"2016-01-22T07:29:28.523Z","v":0}
{"name":"hexo","hostname":"localhost","pid":5122,"level":20,"msg":"Processed: \u001b[35msource/vendors/fastclick/README.md\u001b[39m","time":"2016-01-22T07:29:28.523Z","v":0}
{"name":"hexo","hostname":"localhost","pid":5122,"level":20,"msg":"Processed: \u001b[35msource/vendors/fastclick/LICENSE\u001b[39m","time":"2016-01-22T07:29:28.523Z","v":0}
{"name":"hexo","hostname":"localhost","pid":5122,"level":20,"msg":"Processed: \u001b[35msource/vendors/fancybox/source/jquery.fancybox.pack.js\u001b[39m","time":"2016-01-22T07:29:28.524Z","v":0}
{"name":"hexo","hostname":"localhost","pid":5122,"level":20,"msg":"Processed: \u001b[35msource/vendors/fancybox/source/jquery.fancybox.js\u001b[39m","time":"2016-01-22T07:29:28.524Z","v":0}
{"name":"hexo","hostname":"localhost","pid":5122,"level":20,"msg":"Processed: \u001b[35msource/vendors/fancybox/source/jquery.fancybox.css\u001b[39m","time":"2016-01-22T07:29:28.524Z","v":0}
{"name":"hexo","hostname":"localhost","pid":5122,"level":20,"msg":"Processed: \u001b[35msource/vendors/fancybox/source/helpers/jquery.fancybox-thumbs.js\u001b[39m","time":"2016-01-22T07:29:28.524Z","v":0}
{"name":"hexo","hostname":"localhost","pid":5122,"level":20,"msg":"Processed: \u001b[35msource/vendors/fancybox/source/helpers/jquery.fancybox-thumbs.css\u001b[39m","time":"2016-01-22T07:29:28.524Z","v":0}
{"name":"hexo","hostname":"localhost","pid":5122,"level":20,"msg":"Processed: \u001b[35msource/vendors/fancybox/source/helpers/jquery.fancybox-media.js\u001b[39m","time":"2016-01-22T07:29:28.525Z","v":0}
{"name":"hexo","hostname":"localhost","pid":5122,"level":20,"msg":"Processed: \u001b[35msource/vendors/fancybox/source/helpers/jquery.fancybox-buttons.js\u001b[39m","time":"2016-01-22T07:29:28.525Z","v":0}
{"name":"hexo","hostname":"localhost","pid":5122,"level":20,"msg":"Processed: \u001b[35msource/vendors/fancybox/source/helpers/jquery.fancybox-buttons.css\u001b[39m","time":"2016-01-22T07:29:28.525Z","v":0}
{"name":"hexo","hostname":"localhost","pid":5122,"level":20,"msg":"Processed: \u001b[35msource/vendors/fancybox/source/helpers/fancybox_buttons.png\u001b[39m","time":"2016-01-22T07:29:28.525Z","v":0}
{"name":"hexo","hostname":"localhost","pid":5122,"level":20,"msg":"Processed: \u001b[35msource/vendors/fancybox/source/fancybox_sprite@2x.png\u001b[39m","time":"2016-01-22T07:29:28.525Z","v":0}
{"name":"hexo","hostname":"localhost","pid":5122,"level":20,"msg":"Processed: \u001b[35msource/vendors/fancybox/source/fancybox_sprite.png\u001b[39m","time":"2016-01-22T07:29:28.526Z","v":0}
{"name":"hexo","hostname":"localhost","pid":5122,"level":20,"msg":"Processed: \u001b[35msource/vendors/fancybox/source/fancybox_overlay.png\u001b[39m","time":"2016-01-22T07:29:28.526Z","v":0}
{"name":"hexo","hostname":"localhost","pid":5122,"level":20,"msg":"Processed: \u001b[35msource/vendors/fancybox/source/fancybox_loading@2x.gif\u001b[39m","time":"2016-01-22T07:29:28.526Z","v":0}
{"name":"hexo","hostname":"localhost","pid":5122,"level":20,"msg":"Processed: \u001b[35msource/vendors/fancybox/source/fancybox_loading.gif\u001b[39m","time":"2016-01-22T07:29:28.526Z","v":0}
{"name":"hexo","hostname":"localhost","pid":5122,"level":20,"msg":"Processed: \u001b[35msource/vendors/fancybox/source/blank.gif\u001b[39m","time":"2016-01-22T07:29:28.527Z","v":0}
{"name":"hexo","hostname":"localhost","pid":5122,"level":20,"msg":"Processed: \u001b[35msource/js/src/utils.js\u001b[39m","time":"2016-01-22T07:29:28.527Z","v":0}
{"name":"hexo","hostname":"localhost","pid":5122,"level":20,"msg":"Processed: \u001b[35msource/js/src/scrollspy.js\u001b[39m","time":"2016-01-22T07:29:28.528Z","v":0}
{"name":"hexo","hostname":"localhost","pid":5122,"level":20,"msg":"Processed: \u001b[35msource/js/src/schemes/pisces.js\u001b[39m","time":"2016-01-22T07:29:28.528Z","v":0}
{"name":"hexo","hostname":"localhost","pid":5122,"level":20,"msg":"Processed: \u001b[35msource/js/src/motion.js\u001b[39m","time":"2016-01-22T07:29:28.528Z","v":0}
{"name":"hexo","hostname":"localhost","pid":5122,"level":20,"msg":"Processed: \u001b[35msource/js/src/hook-duoshuo.js\u001b[39m","time":"2016-01-22T07:29:28.528Z","v":0}
{"name":"hexo","hostname":"localhost","pid":5122,"level":20,"msg":"Processed: \u001b[35msource/js/src/bootstrap.js\u001b[39m","time":"2016-01-22T07:29:28.529Z","v":0}
{"name":"hexo","hostname":"localhost","pid":5122,"level":20,"msg":"Processed: \u001b[35msource/js/src/affix.js\u001b[39m","time":"2016-01-22T07:29:28.529Z","v":0}
{"name":"hexo","hostname":"localhost","pid":5122,"level":20,"msg":"Processed: \u001b[35msource/images/searchicon.png\u001b[39m","time":"2016-01-22T07:29:28.529Z","v":0}
{"name":"hexo","hostname":"localhost","pid":5122,"level":20,"msg":"Processed: \u001b[35msource/images/quote-r.svg\u001b[39m","time":"2016-01-22T07:29:28.529Z","v":0}
{"name":"hexo","hostname":"localhost","pid":5122,"level":20,"msg":"Processed: \u001b[35msource/images/quote-l.svg\u001b[39m","time":"2016-01-22T07:29:28.529Z","v":0}
{"name":"hexo","hostname":"localhost","pid":5122,"level":20,"msg":"Processed: \u001b[35msource/images/placeholder.gif\u001b[39m","time":"2016-01-22T07:29:28.529Z","v":0}
{"name":"hexo","hostname":"localhost","pid":5122,"level":20,"msg":"Processed: \u001b[35msource/images/loading.gif\u001b[39m","time":"2016-01-22T07:29:28.530Z","v":0}
{"name":"hexo","hostname":"localhost","pid":5122,"level":20,"msg":"Processed: \u001b[35msource/images/cc-zero.svg\u001b[39m","time":"2016-01-22T07:29:28.530Z","v":0}
{"name":"hexo","hostname":"localhost","pid":5122,"level":20,"msg":"Processed: \u001b[35msource/images/cc-by.svg\u001b[39m","time":"2016-01-22T07:29:28.530Z","v":0}
{"name":"hexo","hostname":"localhost","pid":5122,"level":20,"msg":"Processed: \u001b[35msource/images/cc-by-sa.svg\u001b[39m","time":"2016-01-22T07:29:28.531Z","v":0}
{"name":"hexo","hostname":"localhost","pid":5122,"level":20,"msg":"Processed: \u001b[35msource/images/cc-by-nd.svg\u001b[39m","time":"2016-01-22T07:29:28.531Z","v":0}
{"name":"hexo","hostname":"localhost","pid":5122,"level":20,"msg":"Processed: \u001b[35msource/images/cc-by-nc.svg\u001b[39m","time":"2016-01-22T07:29:28.532Z","v":0}
{"name":"hexo","hostname":"localhost","pid":5122,"level":20,"msg":"Processed: \u001b[35msource/images/cc-by-nc-sa.svg\u001b[39m","time":"2016-01-22T07:29:28.533Z","v":0}
{"name":"hexo","hostname":"localhost","pid":5122,"level":20,"msg":"Processed: \u001b[35msource/images/cc-by-nc-nd.svg\u001b[39m","time":"2016-01-22T07:29:28.533Z","v":0}
{"name":"hexo","hostname":"localhost","pid":5122,"level":20,"msg":"Processed: \u001b[35msource/css/main.styl\u001b[39m","time":"2016-01-22T07:29:28.534Z","v":0}
{"name":"hexo","hostname":"localhost","pid":5122,"level":20,"msg":"Processed: \u001b[35mlayout/tag.swig\u001b[39m","time":"2016-01-22T07:29:28.542Z","v":0}
{"name":"hexo","hostname":"localhost","pid":5122,"level":20,"msg":"Processed: \u001b[35mlayout/post.swig\u001b[39m","time":"2016-01-22T07:29:28.542Z","v":0}
{"name":"hexo","hostname":"localhost","pid":5122,"level":20,"msg":"Processed: \u001b[35mlayout/page.swig\u001b[39m","time":"2016-01-22T07:29:28.547Z","v":0}
{"name":"hexo","hostname":"localhost","pid":5122,"level":20,"msg":"Processed: \u001b[35mlayout/index.swig\u001b[39m","time":"2016-01-22T07:29:28.548Z","v":0}
{"name":"hexo","hostname":"localhost","pid":5122,"level":20,"msg":"Processed: \u001b[35mlayout/category.swig\u001b[39m","time":"2016-01-22T07:29:28.549Z","v":0}
{"name":"hexo","hostname":"localhost","pid":5122,"level":20,"msg":"Processed: \u001b[35mlayout/archive.swig\u001b[39m","time":"2016-01-22T07:29:28.549Z","v":0}
{"name":"hexo","hostname":"localhost","pid":5122,"level":20,"msg":"Processed: \u001b[35mlayout/_scripts/vendors.swig\u001b[39m","time":"2016-01-22T07:29:28.550Z","v":0}
{"name":"hexo","hostname":"localhost","pid":5122,"level":20,"msg":"Processed: \u001b[35mlayout/_scripts/third-party/tinysou.swig\u001b[39m","time":"2016-01-22T07:29:28.550Z","v":0}
{"name":"hexo","hostname":"localhost","pid":5122,"level":20,"msg":"Processed: \u001b[35mlayout/_scripts/third-party/mathjax.swig\u001b[39m","time":"2016-01-22T07:29:28.550Z","v":0}
{"name":"hexo","hostname":"localhost","pid":5122,"level":20,"msg":"Processed: \u001b[35mlayout/_scripts/third-party/lean-analytics.swig\u001b[39m","time":"2016-01-22T07:29:28.551Z","v":0}
{"name":"hexo","hostname":"localhost","pid":5122,"level":20,"msg":"Processed: \u001b[35mlayout/_scripts/third-party/comments.swig\u001b[39m","time":"2016-01-22T07:29:28.551Z","v":0}
{"name":"hexo","hostname":"localhost","pid":5122,"level":20,"msg":"Processed: \u001b[35mlayout/_scripts/third-party/comments/duoshuo.swig\u001b[39m","time":"2016-01-22T07:29:28.551Z","v":0}
{"name":"hexo","hostname":"localhost","pid":5122,"level":20,"msg":"Processed: \u001b[35mlayout/_scripts/third-party/comments/disqus.swig\u001b[39m","time":"2016-01-22T07:29:28.551Z","v":0}
{"name":"hexo","hostname":"localhost","pid":5122,"level":20,"msg":"Processed: \u001b[35mlayout/_scripts/third-party/baidushare.swig\u001b[39m","time":"2016-01-22T07:29:28.552Z","v":0}
{"name":"hexo","hostname":"localhost","pid":5122,"level":20,"msg":"Processed: \u001b[35mlayout/_scripts/third-party/analytics.swig\u001b[39m","time":"2016-01-22T07:29:28.552Z","v":0}
{"name":"hexo","hostname":"localhost","pid":5122,"level":20,"msg":"Processed: \u001b[35mlayout/_scripts/third-party/analytics/tencent-analytics.swig\u001b[39m","time":"2016-01-22T07:29:28.552Z","v":0}
{"name":"hexo","hostname":"localhost","pid":5122,"level":20,"msg":"Processed: \u001b[35mlayout/_scripts/third-party/analytics/google-analytics.swig\u001b[39m","time":"2016-01-22T07:29:28.573Z","v":0}
{"name":"hexo","hostname":"localhost","pid":5122,"level":20,"msg":"Processed: \u001b[35mlayout/_scripts/third-party/analytics/facebook-sdk.swig\u001b[39m","time":"2016-01-22T07:29:28.573Z","v":0}
{"name":"hexo","hostname":"localhost","pid":5122,"level":20,"msg":"Processed: \u001b[35mlayout/_scripts/third-party/analytics/baidu-analytics.swig\u001b[39m","time":"2016-01-22T07:29:28.573Z","v":0}
{"name":"hexo","hostname":"localhost","pid":5122,"level":20,"msg":"Processed: \u001b[35mlayout/_scripts/schemes/pisces.swig\u001b[39m","time":"2016-01-22T07:29:28.574Z","v":0}
{"name":"hexo","hostname":"localhost","pid":5122,"level":20,"msg":"Processed: \u001b[35mlayout/_scripts/schemes/muse.swig\u001b[39m","time":"2016-01-22T07:29:28.574Z","v":0}
{"name":"hexo","hostname":"localhost","pid":5122,"level":20,"msg":"Processed: \u001b[35mlayout/_scripts/schemes/mist.swig\u001b[39m","time":"2016-01-22T07:29:28.575Z","v":0}
{"name":"hexo","hostname":"localhost","pid":5122,"level":20,"msg":"Processed: \u001b[35mlayout/_scripts/pages/post-details.swig\u001b[39m","time":"2016-01-22T07:29:28.575Z","v":0}
{"name":"hexo","hostname":"localhost","pid":5122,"level":20,"msg":"Processed: \u001b[35mlayout/_scripts/commons.swig\u001b[39m","time":"2016-01-22T07:29:28.575Z","v":0}
{"name":"hexo","hostname":"localhost","pid":5122,"level":20,"msg":"Processed: \u001b[35mlayout/_scripts/boostrap.swig\u001b[39m","time":"2016-01-22T07:29:28.576Z","v":0}
{"name":"hexo","hostname":"localhost","pid":5122,"level":20,"msg":"Processed: \u001b[35mlayout/_partials/share/jiathis.swig\u001b[39m","time":"2016-01-22T07:29:28.577Z","v":0}
{"name":"hexo","hostname":"localhost","pid":5122,"level":20,"msg":"Processed: \u001b[35mlayout/_partials/share/duoshuo_share.swig\u001b[39m","time":"2016-01-22T07:29:28.577Z","v":0}
{"name":"hexo","hostname":"localhost","pid":5122,"level":20,"msg":"Processed: \u001b[35mlayout/_partials/search.swig\u001b[39m","time":"2016-01-22T07:29:28.578Z","v":0}
{"name":"hexo","hostname":"localhost","pid":5122,"level":20,"msg":"Processed: \u001b[35mlayout/_partials/search/tinysou.swig\u001b[39m","time":"2016-01-22T07:29:28.579Z","v":0}
{"name":"hexo","hostname":"localhost","pid":5122,"level":20,"msg":"Processed: \u001b[35mlayout/_partials/search/swiftype.swig\u001b[39m","time":"2016-01-22T07:29:28.579Z","v":0}
{"name":"hexo","hostname":"localhost","pid":5122,"level":20,"msg":"Processed: \u001b[35mlayout/_partials/pagination.swig\u001b[39m","time":"2016-01-22T07:29:28.580Z","v":0}
{"name":"hexo","hostname":"localhost","pid":5122,"level":20,"msg":"Processed: \u001b[35mlayout/_partials/header.swig\u001b[39m","time":"2016-01-22T07:29:28.580Z","v":0}
{"name":"hexo","hostname":"localhost","pid":5122,"level":20,"msg":"Processed: \u001b[35mlayout/_partials/head.swig\u001b[39m","time":"2016-01-22T07:29:28.580Z","v":0}
{"name":"hexo","hostname":"localhost","pid":5122,"level":20,"msg":"Processed: \u001b[35mlayout/_partials/footer.swig\u001b[39m","time":"2016-01-22T07:29:28.581Z","v":0}
{"name":"hexo","hostname":"localhost","pid":5122,"level":20,"msg":"Processed: \u001b[35mlayout/_partials/duoshuo-hot-articles.swig\u001b[39m","time":"2016-01-22T07:29:28.581Z","v":0}
{"name":"hexo","hostname":"localhost","pid":5122,"level":20,"msg":"Processed: \u001b[35mlayout/_partials/comments.swig\u001b[39m","time":"2016-01-22T07:29:28.581Z","v":0}
{"name":"hexo","hostname":"localhost","pid":5122,"level":20,"msg":"Processed: \u001b[35mlayout/_macro/sidebar.swig\u001b[39m","time":"2016-01-22T07:29:28.582Z","v":0}
{"name":"hexo","hostname":"localhost","pid":5122,"level":20,"msg":"Processed: \u001b[35mlayout/_macro/post.swig\u001b[39m","time":"2016-01-22T07:29:28.582Z","v":0}
{"name":"hexo","hostname":"localhost","pid":5122,"level":20,"msg":"Processed: \u001b[35mlayout/_macro/post-collapse.swig\u001b[39m","time":"2016-01-22T07:29:28.582Z","v":0}
{"name":"hexo","hostname":"localhost","pid":5122,"level":20,"msg":"Processed: \u001b[35mlayout/_layout.swig\u001b[39m","time":"2016-01-22T07:29:28.583Z","v":0}
{"name":"hexo","hostname":"localhost","pid":5122,"level":20,"msg":"Processed: \u001b[35mlanguages/zh-tw.yml\u001b[39m","time":"2016-01-22T07:29:28.585Z","v":0}
{"name":"hexo","hostname":"localhost","pid":5122,"level":20,"msg":"Processed: \u001b[35mlanguages/zh-hk.yml\u001b[39m","time":"2016-01-22T07:29:28.586Z","v":0}
{"name":"hexo","hostname":"localhost","pid":5122,"level":20,"msg":"Processed: \u001b[35mlanguages/zh-Hans.yml\u001b[39m","time":"2016-01-22T07:29:28.589Z","v":0}
{"name":"hexo","hostname":"localhost","pid":5122,"level":20,"msg":"Processed: \u001b[35mlanguages/ru.yml\u001b[39m","time":"2016-01-22T07:29:28.591Z","v":0}
{"name":"hexo","hostname":"localhost","pid":5122,"level":20,"msg":"Processed: \u001b[35mlanguages/pt.yml\u001b[39m","time":"2016-01-22T07:29:28.592Z","v":0}
{"name":"hexo","hostname":"localhost","pid":5122,"level":20,"msg":"Processed: \u001b[35mlanguages/fr-FR.yml\u001b[39m","time":"2016-01-22T07:29:28.593Z","v":0}
{"name":"hexo","hostname":"localhost","pid":5122,"level":20,"msg":"Processed: \u001b[35mlanguages/en.yml\u001b[39m","time":"2016-01-22T07:29:28.594Z","v":0}
{"name":"hexo","hostname":"localhost","pid":5122,"level":20,"msg":"Processed: \u001b[35mlanguages/default.yml\u001b[39m","time":"2016-01-22T07:29:28.595Z","v":0}
{"name":"hexo","hostname":"localhost","pid":5122,"level":20,"msg":"Processed: \u001b[35mlanguages/de.yml\u001b[39m","time":"2016-01-22T07:29:28.596Z","v":0}
{"name":"hexo","hostname":"localhost","pid":5122,"level":20,"msg":"Theme config loaded.","time":"2016-01-22T07:29:28.597Z","v":0}
{"name":"hexo","hostname":"localhost","pid":5122,"level":20,"msg":"Processed: \u001b[35m_config.yml\u001b[39m","time":"2016-01-22T07:29:28.598Z","v":0}
{"name":"hexo","hostname":"localhost","pid":5122,"level":20,"msg":"Generator: \u001b[35mpage\u001b[39m","time":"2016-01-22T07:29:30.434Z","v":0}
{"name":"hexo","hostname":"localhost","pid":5122,"level":20,"msg":"Generator: \u001b[35mpost\u001b[39m","time":"2016-01-22T07:29:30.434Z","v":0}
{"name":"hexo","hostname":"localhost","pid":5122,"level":20,"msg":"Generator: \u001b[35mcategory\u001b[39m","time":"2016-01-22T07:29:30.434Z","v":0}
{"name":"hexo","hostname":"localhost","pid":5122,"level":20,"msg":"Generator: \u001b[35marchive\u001b[39m","time":"2016-01-22T07:29:30.434Z","v":0}
{"name":"hexo","hostname":"localhost","pid":5122,"level":20,"msg":"Generator: \u001b[35mindex\u001b[39m","time":"2016-01-22T07:29:30.434Z","v":0}
{"name":"hexo","hostname":"localhost","pid":5122,"level":20,"msg":"Generator: \u001b[35mtag\u001b[39m","time":"2016-01-22T07:29:30.434Z","v":0}
{"name":"hexo","hostname":"localhost","pid":5122,"level":20,"msg":"Generator: \u001b[35masset\u001b[39m","time":"2016-01-22T07:29:30.435Z","v":0}
{"name":"hexo","hostname":"localhost","pid":5122,"level":30,"msg":"Hexo is running at \u001b[4mhttp://0.0.0.0:4000/\u001b[24m. Press Ctrl+C to stop.","time":"2016-01-22T07:29:30.441Z","v":0}
{"name":"hexo","hostname":"localhost","pid":5122,"level":20,"msg":"Database saved","time":"2016-01-22T07:29:30.451Z","v":0}
{"name":"hexo","hostname":"localhost","pid":5122,"level":20,"msg":"Rendering index: \u001b[35mindex.html\u001b[39m","time":"2016-01-22T07:29:38.508Z","v":0}
{"name":"hexo","hostname":"localhost","pid":5122,"level":30,"msg":"Catch you later","time":"2016-01-22T07:29:54.913Z","v":0}
{"name":"hexo","hostname":"localhost","pid":5122,"level":20,"msg":"Database saved","time":"2016-01-22T07:29:54.921Z","v":0}
{"name":"hexo","hostname":"localhost","pid":833,"level":20,"msg":"Hexo version: \u001b[35m3.1.1\u001b[39m","time":"2016-01-25T01:19:13.739Z","v":0}
{"name":"hexo","hostname":"localhost","pid":833,"level":20,"msg":"Working directory: \u001b[35m~/Desktop/github2/Skykai521.github.io/\u001b[39m","time":"2016-01-25T01:19:13.744Z","v":0}
{"name":"hexo","hostname":"localhost","pid":833,"level":20,"msg":"Config loaded: \u001b[35m~/Desktop/github2/Skykai521.github.io/_config.yml\u001b[39m","time":"2016-01-25T01:19:13.834Z","v":0}
{"name":"hexo","hostname":"localhost","pid":833,"level":20,"msg":"Plugin loaded: \u001b[35mhexo-generator-archive\u001b[39m","time":"2016-01-25T01:19:13.848Z","v":0}
{"name":"hexo","hostname":"localhost","pid":833,"level":20,"msg":"Plugin loaded: \u001b[35mhexo-deployer-git\u001b[39m","time":"2016-01-25T01:19:14.016Z","v":0}
{"name":"hexo","hostname":"localhost","pid":833,"level":20,"msg":"Plugin loaded: \u001b[35mhexo-generator-category\u001b[39m","time":"2016-01-25T01:19:14.018Z","v":0}
{"name":"hexo","hostname":"localhost","pid":833,"level":20,"msg":"Plugin loaded: \u001b[35mhexo-generator-index\u001b[39m","time":"2016-01-25T01:19:14.020Z","v":0}
{"name":"hexo","hostname":"localhost","pid":833,"level":20,"msg":"Plugin loaded: \u001b[35mhexo-generator-tag\u001b[39m","time":"2016-01-25T01:19:14.022Z","v":0}
{"name":"hexo","hostname":"localhost","pid":833,"level":20,"msg":"Plugin loaded: \u001b[35mhexo-renderer-ejs\u001b[39m","time":"2016-01-25T01:19:14.025Z","v":0}
{"name":"hexo","hostname":"localhost","pid":833,"level":20,"msg":"Plugin loaded: \u001b[35mhexo-renderer-marked\u001b[39m","time":"2016-01-25T01:19:14.091Z","v":0}
{"name":"hexo","hostname":"localhost","pid":833,"level":20,"msg":"Plugin loaded: \u001b[35mhexo-renderer-stylus\u001b[39m","time":"2016-01-25T01:19:14.197Z","v":0}
{"name":"hexo","hostname":"localhost","pid":833,"level":20,"msg":"Plugin loaded: \u001b[35mhexo-server\u001b[39m","time":"2016-01-25T01:19:14.289Z","v":0}
{"name":"hexo","hostname":"localhost","pid":833,"level":20,"msg":"Script loaded: \u001b[35mthemes/next/scripts/filters/sticky.js\u001b[39m","time":"2016-01-25T01:19:14.291Z","v":0}
{"name":"hexo","hostname":"localhost","pid":833,"level":20,"msg":"Script loaded: \u001b[35mthemes/next/scripts/merge-configs.js\u001b[39m","time":"2016-01-25T01:19:14.292Z","v":0}
{"name":"hexo","hostname":"localhost","pid":833,"level":20,"msg":"Script loaded: \u001b[35mthemes/next/scripts/tags/center-quote.js\u001b[39m","time":"2016-01-25T01:19:14.292Z","v":0}
{"name":"hexo","hostname":"localhost","pid":833,"level":20,"msg":"Script loaded: \u001b[35mthemes/next/scripts/tags/full-image.js\u001b[39m","time":"2016-01-25T01:19:14.292Z","v":0}
{"name":"hexo","hostname":"localhost","pid":833,"level":20,"msg":"Script loaded: \u001b[35mthemes/next/scripts/tags/group-pictures.js\u001b[39m","time":"2016-01-25T01:19:14.293Z","v":0}
{"name":"hexo","hostname":"localhost","pid":833,"level":20,"msg":"Database saved","time":"2016-01-25T01:19:14.298Z","v":0}
